<?xml version="1.0" encoding="UTF-8"?>
<robot generator="Robot 4.1.3 (Python 3.7.9 on win32)" generated="20220208 17:44:06.957" rpa="false" schemaversion="2">
<suite id="s1" name="loginPage" source="C:\Users\janardan\Desktop\Flasky-master\Testing_Robot\loginPage.robot">
<test id="s1-t1" name="Validate Succesful Login">
<kw name="open the browser" library="resource" type="SETUP">
<kw name="Open Browser" library="SeleniumLibrary">
<arg>http://localhost:8080/</arg>
<arg>chrome</arg>
<doc>Opens a new browser instance to the optional ``url``.</doc>
<msg timestamp="20220208 17:44:07.363" level="INFO">Opening browser 'chrome' to base url 'http://localhost:8080/'.</msg>
<status status="PASS" starttime="20220208 17:44:07.363" endtime="20220208 17:44:10.873"/>
</kw>
<status status="PASS" starttime="20220208 17:44:07.363" endtime="20220208 17:44:10.873"/>
</kw>
<kw name="Fill the form">
<arg>${user_name}</arg>
<arg>${valid_password}</arg>
<kw name="Click Element" library="SeleniumLibrary">
<arg>xpath://a[contains(text(),'Log In')]</arg>
<doc>Click the element identified by ``locator``.</doc>
<msg timestamp="20220208 17:44:10.878" level="INFO">Clicking element 'xpath://a[contains(text(),'Log In')]'.</msg>
<status status="PASS" starttime="20220208 17:44:10.877" endtime="20220208 17:44:11.492"/>
</kw>
<kw name="Input Text" library="SeleniumLibrary">
<arg>id:username</arg>
<arg>${username}</arg>
<doc>Types the given ``text`` into the text field identified by ``locator``.</doc>
<msg timestamp="20220208 17:44:11.493" level="INFO">Typing text 'jdsn' into text field 'id:username'.</msg>
<status status="PASS" starttime="20220208 17:44:11.492" endtime="20220208 17:44:11.755"/>
</kw>
<kw name="Input Password" library="SeleniumLibrary">
<arg>id:password</arg>
<arg>${password}</arg>
<doc>Types the given password into the text field identified by ``locator``.</doc>
<msg timestamp="20220208 17:44:11.756" level="INFO">Typing password into text field 'id:password'.</msg>
<msg timestamp="20220208 17:44:11.812" level="INFO">Temporally setting log level to: NONE</msg>
<msg timestamp="20220208 17:44:11.883" level="INFO">Log level changed from NONE to INFO.</msg>
<status status="PASS" starttime="20220208 17:44:11.756" endtime="20220208 17:44:11.883"/>
</kw>
<kw name="Click Button" library="SeleniumLibrary">
<arg>xpath://input[@value='Log In']</arg>
<doc>Clicks the button identified by ``locator``.</doc>
<msg timestamp="20220208 17:44:11.884" level="INFO">Clicking button 'xpath://input[@value='Log In']'.</msg>
<status status="PASS" starttime="20220208 17:44:11.883" endtime="20220208 17:44:12.837"/>
</kw>
<status status="PASS" starttime="20220208 17:44:10.875" endtime="20220208 17:44:12.838"/>
</kw>
<kw name="wait until it checks and display message">
<arg>${valid_message}</arg>
<kw name="Wait Until Element Is Visible" library="SeleniumLibrary">
<arg>${message}</arg>
<doc>Waits until the element ``locator`` is visible.</doc>
<status status="PASS" starttime="20220208 17:44:12.841" endtime="20220208 17:44:12.981"/>
</kw>
<status status="PASS" starttime="20220208 17:44:12.839" endtime="20220208 17:44:12.981"/>
</kw>
<kw name="verify message is correct">
<kw name="Get Text" library="SeleniumLibrary">
<var>${result}</var>
<arg>${valid_message}</arg>
<doc>Returns the text value of the element identified by ``locator``.</doc>
<msg timestamp="20220208 17:44:12.998" level="INFO">${result} = jdsn</msg>
<status status="PASS" starttime="20220208 17:44:12.982" endtime="20220208 17:44:12.998"/>
</kw>
<kw name="Log" library="BuiltIn">
<arg>${result}</arg>
<doc>Logs the given message with the given level.</doc>
<msg timestamp="20220208 17:44:12.998" level="INFO">jdsn</msg>
<status status="PASS" starttime="20220208 17:44:12.998" endtime="20220208 17:44:12.998"/>
</kw>
<status status="PASS" starttime="20220208 17:44:12.982" endtime="20220208 17:44:12.998"/>
</kw>
<kw name="close the browser" library="resource" type="TEARDOWN">
<kw name="Close Browser" library="SeleniumLibrary">
<doc>Closes the current browser.</doc>
<status status="PASS" starttime="20220208 17:44:12.998" endtime="20220208 17:44:15.297"/>
</kw>
<status status="PASS" starttime="20220208 17:44:12.998" endtime="20220208 17:44:15.297"/>
</kw>
<status status="PASS" starttime="20220208 17:44:07.363" endtime="20220208 17:44:15.297"/>
</test>
<test id="s1-t2" name="Validate Unsuccesful Login">
<kw name="open the browser" library="resource" type="SETUP">
<kw name="Open Browser" library="SeleniumLibrary">
<arg>http://localhost:8080/</arg>
<arg>chrome</arg>
<doc>Opens a new browser instance to the optional ``url``.</doc>
<msg timestamp="20220208 17:44:15.297" level="INFO">Opening browser 'chrome' to base url 'http://localhost:8080/'.</msg>
<status status="PASS" starttime="20220208 17:44:15.297" endtime="20220208 17:44:18.675"/>
</kw>
<status status="PASS" starttime="20220208 17:44:15.297" endtime="20220208 17:44:18.676"/>
</kw>
<kw name="Fill the form">
<arg>${user_name}</arg>
<arg>${invalid_password}</arg>
<kw name="Click Element" library="SeleniumLibrary">
<arg>xpath://a[contains(text(),'Log In')]</arg>
<doc>Click the element identified by ``locator``.</doc>
<msg timestamp="20220208 17:44:18.699" level="INFO">Clicking element 'xpath://a[contains(text(),'Log In')]'.</msg>
<status status="PASS" starttime="20220208 17:44:18.699" endtime="20220208 17:44:19.344"/>
</kw>
<kw name="Input Text" library="SeleniumLibrary">
<arg>id:username</arg>
<arg>${username}</arg>
<doc>Types the given ``text`` into the text field identified by ``locator``.</doc>
<msg timestamp="20220208 17:44:19.345" level="INFO">Typing text 'jdsn' into text field 'id:username'.</msg>
<status status="PASS" starttime="20220208 17:44:19.344" endtime="20220208 17:44:19.599"/>
</kw>
<kw name="Input Password" library="SeleniumLibrary">
<arg>id:password</arg>
<arg>${password}</arg>
<doc>Types the given password into the text field identified by ``locator``.</doc>
<msg timestamp="20220208 17:44:19.601" level="INFO">Typing password into text field 'id:password'.</msg>
<msg timestamp="20220208 17:44:19.655" level="INFO">Temporally setting log level to: NONE</msg>
<msg timestamp="20220208 17:44:19.715" level="INFO">Log level changed from NONE to INFO.</msg>
<status status="PASS" starttime="20220208 17:44:19.600" endtime="20220208 17:44:19.715"/>
</kw>
<kw name="Click Button" library="SeleniumLibrary">
<arg>xpath://input[@value='Log In']</arg>
<doc>Clicks the button identified by ``locator``.</doc>
<msg timestamp="20220208 17:44:19.716" level="INFO">Clicking button 'xpath://input[@value='Log In']'.</msg>
<status status="PASS" starttime="20220208 17:44:19.716" endtime="20220208 17:44:20.620"/>
</kw>
<status status="PASS" starttime="20220208 17:44:18.699" endtime="20220208 17:44:20.621"/>
</kw>
<kw name="wait until it checks and display message">
<arg>${Error_Message_Login}</arg>
<kw name="Wait Until Element Is Visible" library="SeleniumLibrary">
<arg>${message}</arg>
<doc>Waits until the element ``locator`` is visible.</doc>
<status status="PASS" starttime="20220208 17:44:20.623" endtime="20220208 17:44:20.758"/>
</kw>
<status status="PASS" starttime="20220208 17:44:20.622" endtime="20220208 17:44:20.759"/>
</kw>
<kw name="close the browser" library="resource" type="TEARDOWN">
<kw name="Close Browser" library="SeleniumLibrary">
<doc>Closes the current browser.</doc>
<status status="PASS" starttime="20220208 17:44:20.760" endtime="20220208 17:44:23.028"/>
</kw>
<status status="PASS" starttime="20220208 17:44:20.760" endtime="20220208 17:44:23.028"/>
</kw>
<status status="PASS" starttime="20220208 17:44:15.297" endtime="20220208 17:44:23.028"/>
</test>
<doc>To Validate the Login form</doc>
<status status="PASS" starttime="20220208 17:44:06.957" endtime="20220208 17:44:23.028"/>
</suite>
<statistics>
<total>
<stat pass="2" fail="0" skip="0">All Tests</stat>
</total>
<tag>
</tag>
<suite>
<stat pass="2" fail="0" skip="0" id="s1" name="loginPage">loginPage</stat>
</suite>
</statistics>
<errors>
</errors>
</robot>
