<?xml version="1.0" encoding="UTF-8"?>
<robot generator="Robot 4.1.3 (Python 3.7.9 on win32)" generated="20220208 17:42:06.865" rpa="false" schemaversion="2">
<suite id="s1" name="registrationPage" source="C:\Users\janardan\Desktop\Flasky-master\Testing_Robot\registrationPage.robot">
<test id="s1-t1" name="Validate Registration Details">
<kw name="open the browser" library="resource" type="SETUP">
<kw name="Open Browser" library="SeleniumLibrary">
<arg>http://localhost:8080/</arg>
<arg>chrome</arg>
<doc>Opens a new browser instance to the optional ``url``.</doc>
<msg timestamp="20220208 17:42:07.537" level="INFO">Opening browser 'chrome' to base url 'http://localhost:8080/'.</msg>
<status status="PASS" starttime="20220208 17:42:07.537" endtime="20220208 17:42:16.536"/>
</kw>
<status status="PASS" starttime="20220208 17:42:07.537" endtime="20220208 17:42:16.537"/>
</kw>
<kw name="Fill the login Form">
<kw name="Click Element" library="SeleniumLibrary">
<arg>xpath://a[contains(text(),'Register')]</arg>
<doc>Click the element identified by ``locator``.</doc>
<msg timestamp="20220208 17:42:16.556" level="INFO">Clicking element 'xpath://a[contains(text(),'Register')]'.</msg>
<status status="PASS" starttime="20220208 17:42:16.556" endtime="20220208 17:42:17.365"/>
</kw>
<kw name="Input Text" library="SeleniumLibrary">
<arg>id:username</arg>
<arg>${user_name}</arg>
<doc>Types the given ``text`` into the text field identified by ``locator``.</doc>
<msg timestamp="20220208 17:42:17.366" level="INFO">Typing text 'jdsn' into text field 'id:username'.</msg>
<status status="PASS" starttime="20220208 17:42:17.365" endtime="20220208 17:42:17.625"/>
</kw>
<kw name="Input Password" library="SeleniumLibrary">
<arg>id:password</arg>
<arg>${valid_password}</arg>
<doc>Types the given password into the text field identified by ``locator``.</doc>
<msg timestamp="20220208 17:42:17.627" level="INFO">Typing password into text field 'id:password'.</msg>
<msg timestamp="20220208 17:42:17.701" level="INFO">Temporally setting log level to: NONE</msg>
<msg timestamp="20220208 17:42:17.761" level="INFO">Log level changed from NONE to INFO.</msg>
<status status="PASS" starttime="20220208 17:42:17.626" endtime="20220208 17:42:17.762"/>
</kw>
<kw name="Input Text" library="SeleniumLibrary">
<arg>id:firstname</arg>
<arg>${firstname}</arg>
<doc>Types the given ``text`` into the text field identified by ``locator``.</doc>
<msg timestamp="20220208 17:42:17.763" level="INFO">Typing text 'janardan' into text field 'id:firstname'.</msg>
<status status="PASS" starttime="20220208 17:42:17.762" endtime="20220208 17:42:17.879"/>
</kw>
<kw name="Input Text" library="SeleniumLibrary">
<arg>id:lastname</arg>
<arg>${lastname}</arg>
<doc>Types the given ``text`` into the text field identified by ``locator``.</doc>
<msg timestamp="20220208 17:42:17.880" level="INFO">Typing text 'nimbekar' into text field 'id:lastname'.</msg>
<status status="PASS" starttime="20220208 17:42:17.879" endtime="20220208 17:42:18.317"/>
</kw>
<kw name="Input Text" library="SeleniumLibrary">
<arg>id:phone</arg>
<arg>${phonenumber}</arg>
<doc>Types the given ``text`` into the text field identified by ``locator``.</doc>
<msg timestamp="20220208 17:42:18.317" level="INFO">Typing text '0456455455' into text field 'id:phone'.</msg>
<status status="PASS" starttime="20220208 17:42:18.317" endtime="20220208 17:42:18.445"/>
</kw>
<kw name="Click Button" library="SeleniumLibrary">
<arg>xpath://input[@value='Register']</arg>
<doc>Clicks the button identified by ``locator``.</doc>
<msg timestamp="20220208 17:42:18.446" level="INFO">Clicking button 'xpath://input[@value='Register']'.</msg>
<status status="PASS" starttime="20220208 17:42:18.445" endtime="20220208 17:42:19.397"/>
</kw>
<status status="PASS" starttime="20220208 17:42:16.555" endtime="20220208 17:42:19.397"/>
</kw>
<kw name="close the browser" library="resource" type="TEARDOWN">
<kw name="Close Browser" library="SeleniumLibrary">
<doc>Closes the current browser.</doc>
<status status="PASS" starttime="20220208 17:42:19.400" endtime="20220208 17:42:22.872"/>
</kw>
<status status="PASS" starttime="20220208 17:42:19.399" endtime="20220208 17:42:22.872"/>
</kw>
<status status="PASS" starttime="20220208 17:42:07.537" endtime="20220208 17:42:22.872"/>
</test>
<doc>Registration Form to fill the login details</doc>
<status status="PASS" starttime="20220208 17:42:06.865" endtime="20220208 17:42:22.872"/>
</suite>
<statistics>
<total>
<stat pass="1" fail="0" skip="0">All Tests</stat>
</total>
<tag>
</tag>
<suite>
<stat pass="1" fail="0" skip="0" id="s1" name="registrationPage">registrationPage</stat>
</suite>
</statistics>
<errors>
</errors>
</robot>
